10:02:45.276 -- Dumping parsed command line parameters:
10:02:45.277 -- 	__program = 
10:02:45.277 -- 'EsoExtractData.exe' 
10:02:45.277 -- 	mnffile = 
10:02:45.277 -- 'F:\games\TESO\The Elder Scrolls Online\depot\eso.mnf' 
10:02:45.277 -- 	outputpath = 
10:02:45.277 -- 'C:\xampp\htdocs\ESOTranslateTool-master\lib\extract\' 
10:02:45.277 -- 	Option filename = 
10:02:45.277 -- 'en_pregame.lua' 
10:02:45.277 -- Loading MNF file 'F:\games\TESO\The Elder Scrolls Online\depot\eso.mnf'...
10:02:45.277 -- Opening file 'F:\games\TESO\The Elder Scrolls Online\depot\eso.mnf' in mode 'rb'...
10:02:45.277 -- Reading MNF block starting at 0x210...
10:02:45.277 -- Reading MNF block data starting at 0x212...
10:02:45.277 -- Warning: Don't know how to parse raw data from MNF block0!
10:02:45.277 -- Reading MNF block data starting at 0x6E0...
10:02:45.277 -- Warning: Don't know how to parse raw data from MNF block0!
10:02:45.277 -- Finished reading MNF block at 0x724...
10:02:45.277 -- Reading MNF block starting at 0x726...
10:02:45.277 -- Reading MNF block data starting at 0x736...
10:02:45.297 -- Reading MNF block data starting at 0x29618C...
10:02:45.311 -- Reading MNF block data starting at 0x4301B5...
10:02:45.366 -- Finished reading MNF block at 0xCEF44B...
10:02:45.366 -- Warning: Extra 11611303 bytes found at end of MNF file (read 13562955 of 25174258 bytes)!
10:02:45.366 -- Creating MNF file table....
10:02:47.287 -- MNF filetable filled with 808658 entries in 1921.33 ms!
10:02:47.288 -- Loaded MNF file in 2010.55 ms!
10:02:47.288 -- Trying to find and load ZOSFT entry from MNF file!
10:02:47.288 -- Trying to load ZOSFT sub-file identified by hash 0xF263626F...
10:02:47.288 -- Opening file 'F:\games\TESO\The Elder Scrolls Online\depot\eso0001.dat' in mode 'rb'...
10:02:47.291 -- Reading MNF block starting at 0x13...
10:02:47.291 -- Reading MNF block data starting at 0x25...
10:02:47.292 -- Reading MNF block data starting at 0x2E258...
10:02:47.293 -- Reading MNF block data starting at 0xA374C...
10:02:47.294 -- Finished reading MNF block at 0xCFD05...
10:02:47.294 -- Reading MNF block starting at 0xCFD05...
10:02:47.294 -- Reading MNF block data starting at 0xCFD17...
10:02:47.295 -- Reading MNF block data starting at 0xFDFA8...
10:02:47.296 -- Reading MNF block data starting at 0x12A561...
10:02:47.300 -- Finished reading MNF block at 0x1F588F...
10:02:47.300 -- Reading MNF block starting at 0x1F588F...
10:02:47.300 -- Reading MNF block data starting at 0x1F58A1...
10:02:47.303 -- Reading MNF block data starting at 0x244E3A...
10:02:47.304 -- Reading MNF block data starting at 0x26E15F...
10:02:47.309 -- Finished reading MNF block at 0x2DB6CD...
10:02:47.357 -- Found 60042 filenames in raw ZOSFT file data!
10:02:47.357 -- Read all of ZOSFT file!
10:02:47.404 -- Warning: Mismatch between parsed size (393264) and total size (393268) of block 2-1 data!
10:02:47.478 -- Successfully loaded ZOSFT in 186.5 ms!
10:02:47.478 -- Looking up all MNF entries in given ZOSFT file...
10:02:47.577 -- Found 60031 of 808658 MNF entries in ZSOFT file!
10:02:47.592 -- Successfully loaded the ZOSFT entry for MNF file!
10:02:47.592 -- Extracting any filename matching 'en_pregame.lua'...
10:02:47.593 -- Extracting matching subfile #909!
10:02:47.593 -- Opening file 'F:\games\TESO\The Elder Scrolls Online\depot\eso0001.dat' in mode 'rb'...
10:02:47.593 -- Opening file 'C:\xampp\htdocs\ESOTranslateTool-master\lib\extract\esoui\lang\en_pregame.lua' in mode 'wb'...
10:02:47.594 -- Opening file 'C:\xampp\htdocs\ESOTranslateTool-master\lib\extract\001\000909.lua' in mode 'wb'...
