17:06:10.622 -- Dumping parsed command line parameters:
17:06:10.623 -- 	__program = 
17:06:10.623 -- 'C:\xampp\htdocs\ESOTranslateTool-master\lib\EsoExtractData\EsoExtractData.exe' 
17:06:10.623 -- 	mnffile = 
17:06:10.623 -- 'F:\games\TESO\The Elder Scrolls Online\depot\eso.mnf' 
17:06:10.623 -- 	outputpath = 
17:06:10.623 -- 'C:\xampp\htdocs\ESOTranslateTool-master\lib\extract\' 
17:06:10.623 -- 	Option filename = 
17:06:10.623 -- 'en_pregame.lua' 
17:06:10.623 -- Loading MNF file 'F:\games\TESO\The Elder Scrolls Online\depot\eso.mnf'...
17:06:10.623 -- Opening file 'F:\games\TESO\The Elder Scrolls Online\depot\eso.mnf' in mode 'rb'...
17:06:10.623 -- Reading MNF block starting at 0x210...
17:06:10.623 -- Reading MNF block data starting at 0x212...
17:06:10.623 -- Warning: Don't know how to parse raw data from MNF block0!
17:06:10.623 -- Reading MNF block data starting at 0x6E0...
17:06:10.623 -- Warning: Don't know how to parse raw data from MNF block0!
17:06:10.623 -- Finished reading MNF block at 0x724...
17:06:10.623 -- Reading MNF block starting at 0x726...
17:06:10.623 -- Reading MNF block data starting at 0x736...
17:06:10.643 -- Reading MNF block data starting at 0x29618C...
17:06:10.657 -- Reading MNF block data starting at 0x4301B5...
17:06:10.710 -- Finished reading MNF block at 0xCEF44B...
17:06:10.710 -- Warning: Extra 11611303 bytes found at end of MNF file (read 13562955 of 25174258 bytes)!
17:06:10.710 -- Creating MNF file table....
17:06:12.644 -- MNF filetable filled with 808658 entries in 1934.04 ms!
17:06:12.644 -- Loaded MNF file in 2020.92 ms!
17:06:12.644 -- Trying to find and load ZOSFT entry from MNF file!
17:06:12.644 -- Trying to load ZOSFT sub-file identified by hash 0xF263626F...
17:06:12.644 -- Opening file 'F:\games\TESO\The Elder Scrolls Online\depot\eso0001.dat' in mode 'rb'...
17:06:12.648 -- Reading MNF block starting at 0x13...
17:06:12.648 -- Reading MNF block data starting at 0x25...
17:06:12.649 -- Reading MNF block data starting at 0x2E258...
17:06:12.649 -- Reading MNF block data starting at 0xA374C...
17:06:12.651 -- Finished reading MNF block at 0xCFD05...
17:06:12.651 -- Reading MNF block starting at 0xCFD05...
17:06:12.651 -- Reading MNF block data starting at 0xCFD17...
17:06:12.652 -- Reading MNF block data starting at 0xFDFA8...
17:06:12.653 -- Reading MNF block data starting at 0x12A561...
17:06:12.657 -- Finished reading MNF block at 0x1F588F...
17:06:12.657 -- Reading MNF block starting at 0x1F588F...
17:06:12.657 -- Reading MNF block data starting at 0x1F58A1...
17:06:12.660 -- Reading MNF block data starting at 0x244E3A...
17:06:12.661 -- Reading MNF block data starting at 0x26E15F...
17:06:12.666 -- Finished reading MNF block at 0x2DB6CD...
17:06:12.711 -- Found 60042 filenames in raw ZOSFT file data!
17:06:12.711 -- Read all of ZOSFT file!
17:06:12.748 -- Warning: Mismatch between parsed size (393264) and total size (393268) of block 2-1 data!
17:06:12.819 -- Successfully loaded ZOSFT in 171.605 ms!
17:06:12.819 -- Looking up all MNF entries in given ZOSFT file...
17:06:12.911 -- Found 60031 of 808658 MNF entries in ZSOFT file!
17:06:12.927 -- Successfully loaded the ZOSFT entry for MNF file!
17:06:12.927 -- Extracting any filename matching 'en_pregame.lua'...
17:06:12.927 -- Extracting matching subfile #909!
17:06:12.927 -- Opening file 'F:\games\TESO\The Elder Scrolls Online\depot\eso0001.dat' in mode 'rb'...
17:06:12.928 -- Opening file 'C:\xampp\htdocs\ESOTranslateTool-master\lib\extract\esoui\lang\en_pregame.lua' in mode 'wb'...
17:06:12.928 -- Opening file 'C:\xampp\htdocs\ESOTranslateTool-master\lib\extract\001\000909.lua' in mode 'wb'...
